<?xml version="1.0" encoding="UTF-8"?>
<!-- Generated by org.testng.reporters.JUnitReportReporter -->
<testsuite skipped="0" hostname="DESKTOP-VSD8FUU" name="com.freecrm.qa.tests.LoginTest" tests="3" failures="0" timestamp="25 Apr 2020 19:03:47 GMT" time="64.625" errors="0">
  <testcase name="loginPageTitleTest" time="16.672" classname="com.freecrm.qa.tests.LoginTest"/>
  <testcase name="loginPageLogoTest" time="16.871" classname="com.freecrm.qa.tests.LoginTest"/>
  <testcase name="loginTest" time="31.082" classname="com.freecrm.qa.tests.LoginTest"/>
</testsuite> <!-- com.freecrm.qa.tests.LoginTest -->
