<?xml version="1.0" encoding="UTF-8"?>
<!-- Generated by org.testng.reporters.JUnitReportReporter -->
<testsuite skipped="0" hostname="DESKTOP-VSD8FUU" name="com.freecrm.qa.tests.HomePageTest" tests="1" failures="0" timestamp="25 Apr 2020 19:14:43 GMT" time="33.824" errors="0">
  <testcase name="verifySearchTest" time="33.824" classname="com.freecrm.qa.tests.HomePageTest"/>
</testsuite> <!-- com.freecrm.qa.tests.HomePageTest -->
