<?xml version="1.0" encoding="UTF-8"?>
<!-- Generated by org.testng.reporters.JUnitReportReporter -->
<testsuite skipped="0" hostname="DESKTOP-VSD8FUU" name="com.freecrm.qa.tests.ContactsPageTest" tests="1" failures="0" timestamp="25 Apr 2020 19:31:37 GMT" time="30.702" errors="0">
  <testcase name="selectSingleContactsTest" time="30.702" classname="com.freecrm.qa.tests.ContactsPageTest"/>
</testsuite> <!-- com.freecrm.qa.tests.ContactsPageTest -->
