<?xml version="1.0" encoding="UTF-8"?>
<!-- Generated by org.testng.reporters.JUnitReportReporter -->
<testsuite skipped="0" hostname="DESKTOP-VSD8FUU" name="com.freecrm.qa.tests.LoginTest" tests="3" failures="0" timestamp="16 Apr 2020 17:42:17 GMT" time="100.269" errors="0">
  <testcase name="loginPageTitleTest" time="30.385" classname="com.freecrm.qa.tests.LoginTest"/>
  <testcase name="loginPageLogoTest" time="25.390" classname="com.freecrm.qa.tests.LoginTest"/>
  <testcase name="loginTest" time="44.494" classname="com.freecrm.qa.tests.LoginTest"/>
</testsuite> <!-- com.freecrm.qa.tests.LoginTest -->
